<?xml version="1.0" encoding="UTF-8"?>
<!-- Generated by org.testng.reporters.JUnitReportReporter -->
<testsuite hostname="DESKTOP-B7K6OT8" failures="0" tests="1" name="grp.mvi.NewTest" time="0.089" errors="0" timestamp="04 May 2019 18:10:59 GMT" skipped="0">
  <testcase classname="grp.mvi.NewTest" name="f" time="0.089"/>
</testsuite> <!-- grp.mvi.NewTest -->
